<?xml version="1.0" encoding="UTF-8"?>
<!-- Generated by org.testng.reporters.JUnitReportReporter -->
<testsuite hostname="DESKTOP-3A2H5GC" name="Runner.run" tests="2" failures="0" timestamp="1 Sep 2020 15:45:23 GMT" time="8.220" errors="0">
  <testcase name="f" time="7.799" classname="Runner.run"/>
  <testcase name="g" time="0.421" classname="Runner.run"/>
</testsuite> <!-- Runner.run -->
