<?xml version="1.0" encoding="UTF-8"?>
<!-- Generated by org.testng.reporters.JUnitReportReporter -->
<testsuite hostname="DESKTOP-3A2H5GC" name="Runner.run" tests="2" failures="0" timestamp="6 Sep 2020 05:54:28 GMT" time="0.010" errors="0">
  <testcase name="g" time="0.003" classname="Runner.run"/>
  <testcase name="f" time="0.007" classname="Runner.run"/>
</testsuite> <!-- Runner.run -->
